-------------
Channels are steady
Channel averages:  [7.95125, 7.305000000000001, 7.705, 7.682499999999999, 7.60125, 7.54375]
Column averages:  [0.055, 30.060000000000002, 0.0, 0.0016666666666666668, 0.0, 0.0, 30.935, 0.0]
Result:  steady
-------------
Channels are steady
Channel averages:  [7.55625, 7.4712499999999995, 7.68375, 7.8125, 7.6175, 7.796250000000001]
Column averages:  [0.06833333333333334, 30.711666666666662, 0.0, 0.021666666666666667, 0.006666666666666667, 0.0, 30.441666666666666, 0.0]
Result:  steady
-------------
Channels are steady
Channel averages:  [7.61125, 7.6825, 7.470000000000001, 7.7225, 7.53625, 7.6075]
Column averages:  [0.028333333333333335, 30.24, 0.0, 0.0, 0.0, 0.0, 30.571666666666673, 0.0]
Result:  steady
-------------
Channels are steady
Channel averages:  [7.65625, 7.695, 7.70875, 7.625, 7.6850000000000005, 7.615]
Column averages:  [0.07666666666666667, 30.659999999999997, 0.0, 0.0, 0.015, 0.0, 30.561666666666667, 0.0]
Result:  steady
-------------
Channels are steady
Channel averages:  [7.4625, 7.55625, 7.6075, 7.60125, 7.6899999999999995, 7.7075]
Column averages:  [0.035, 30.375, 0.0, 0.01, 0.0, 0.0, 30.41333333333333, 0.0]
Result:  steady
-------------
Channels are steady
Channel averages:  [7.762499999999999, 7.640000000000001, 7.61, 7.62125, 7.46125, 7.5575]
Column averages:  [0.034999999999999996, 30.5, 0.0, 0.0, 0.0, 0.0, 30.334999999999997, 0.0]
Result:  steady
-------------
Channels are steady
Channel averages:  [7.5912500000000005, 7.7075000000000005, 7.6075, 7.69375, 7.5337499999999995, 7.87]
Column averages:  [0.08166666666666667, 30.461666666666662, 0.0, 0.0, 0.023333333333333334, 0.0, 30.771666666666665, 0.0]
Result:  steady
-------------
Channels are steady
Channel averages:  [7.6175, 7.55, 7.4825, 7.6362499999999995, 7.6075, 7.706250000000001]
Column averages:  [0.03833333333333334, 30.366666666666664, 0.011666666666666667, 0.03, 0.0, 0.013333333333333334, 30.340000000000003, 0.0]
Result:  steady
-------------
Channels are steady
Channel averages:  [7.9475, 7.7125, 7.65625, 7.623749999999999, 7.5575, 7.47375]
Column averages:  [0.053333333333333344, 30.511666666666667, 0.0, 0.024999999999999998, 0.034999999999999996, 0.0, 30.669999999999998, 0.0]
Result:  steady
-------------
Channels are steady
Channel averages:  [7.6525, 7.8825, 7.53, 7.7, 7.69125, 7.705]
Column averages:  [0.06333333333333334, 30.673333333333332, 0.0, 0.0, 0.024999999999999998, 0.0, 30.786666666666672, 0.0]
Result:  steady
-------------
Channels are steady
Channel averages:  [7.38625, 7.633750000000001, 7.62, 7.795, 7.61875, 7.54125]
Column averages:  [0.043333333333333335, 30.370000000000005, 0.0, 0.005, 0.0, 0.0, 30.363333333333333, 0.011666666666666667]
Result:  steady
-------------
Channels are steady
Channel averages:  [7.755000000000001, 7.70375, 7.62875, 7.635, 7.535, 7.7075]
Column averages:  [0.03666666666666667, 30.906666666666666, 0.0, 0.0016666666666666668, 0.0, 0.0, 30.341666666666665, 0.0]
Result:  steady
-------------
Channels are steady
Channel averages:  [7.46, 7.6274999999999995, 7.717499999999999, 7.77, 7.76, 7.61]
Column averages:  [0.053333333333333344, 30.461666666666662, 0.0, 0.0, 0.0, 0.0, 30.745, 0.0]
Result:  steady
-------------
Channels are steady
Channel averages:  [7.795, 7.6425, 7.7162500000000005, 7.62125, 7.78625, 7.5425]
Column averages:  [0.09166666666666666, 30.76, 0.0, 0.035, 0.0, 0.0, 30.584999999999997, 0.0]
Result:  steady
-------------
Channels are steady
Channel averages:  [7.63625, 7.74, 7.483750000000001, 7.7775, 7.78625, 7.64875]
Column averages:  [0.13499999999999998, 30.459999999999997, 0.0, 0.015, 0.0, 0.0, 30.819999999999997, 0.0]
Result:  steady
-------------
Channels are steady
Channel averages:  [7.68, 7.498749999999999, 7.395, 7.47, 7.38625, 7.775]
Column averages:  [0.17, 30.266666666666666, 0.0, 0.0, 0.016666666666666666, 0.0, 29.814999999999998, 0.005]
Result:  steady
-------------
Channels are steady
Channel averages:  [7.571249999999999, 7.796250000000001, 7.5675, 7.62125, 7.56875, 7.6025]
Column averages:  [0.16333333333333336, 30.139999999999997, 0.0, 0.05000000000000001, 0.0, 0.0, 30.61666666666667, 0.0]
Result:  steady
-------------
Channels are steady
Channel averages:  [7.4399999999999995, 7.77625, 7.52125, 7.643750000000001, 7.8725, 7.94]
Column averages:  [0.18166666666666664, 30.78, 0.0, 0.0, 0.02, 0.0, 30.610000000000003, 0.0]
Result:  steady
-------------
Channels are steady
Channel averages:  [7.94125, 7.53875, 7.7125, 7.70125, 7.48125, 7.63125]
Column averages:  [0.1366666666666667, 30.46666666666667, 0.0, 0.0, 0.0, 0.0, 30.738333333333333, 0.0]
Result:  steady
-------------
State of flux / flashing detected
Channel averages:  [12.221250000000001, 7.7175, 7.584999999999999, 8.17625, 14.45125, 14.39625]
Column averages:  [0.07666666666666667, 42.97333333333333, 0.01, 0.0, 0.0, 0.0, 43.00333333333333, 0.0]
Result:  other
-------------
State of flux / flashing detected
Channel averages:  [7.53625, 7.74375, 12.08125, 14.4275, 14.42625, 11.49625]
Column averages:  [0.12666666666666668, 45.13833333333334, 0.0, 0.0, 0.03, 0.0033333333333333335, 44.98333333333333, 0.0]
Result:  other
-------------
State of flux / flashing detected
Channel averages:  [7.695, 13.9225, 14.411249999999999, 14.44125, 9.651250000000001, 7.47]
Column averages:  [0.11833333333333335, 44.93666666666666, 0.0, 0.03166666666666667, 0.02, 0.0, 45.01499999999999, 0.0]
Result:  other
-------------
State of flux / flashing detected
Channel averages:  [14.43, 14.43375, 14.43, 7.89875, 7.635, 7.71]
Column averages:  [0.11, 44.315000000000005, 0.0, 0.005, 0.0, 0.0, 44.28666666666666, 0.0]
Result:  other
-------------
State of flux / flashing detected
Channel averages:  [14.44625, 13.49625, 7.6075, 7.5425, 7.66125, 13.89625]
Column averages:  [0.04833333333333334, 43.27333333333333, 0.0, 0.0, 0.0, 0.0, 42.87833333333333, 0.0]
Result:  other
-------------
State of flux / flashing detected
Channel averages:  [11.7425, 7.715, 7.6075, 8.555, 14.466249999999999, 14.431249999999999]
Column averages:  [0.06999999999999999, 42.833333333333336, 0.0, 0.0, 0.0, 0.0, 43.12, 0.0]
Result:  other
-------------
State of flux / flashing detected
Channel averages:  [7.483750000000001, 7.4175, 13.28875, 14.436250000000001, 14.4375, 10.0275]
Column averages:  [0.09999999999999999, 44.81333333333333, 0.0, 0.0033333333333333335, 0.0, 0.0, 44.538333333333334, 0.0]
Result:  other
-------------
State of flux / flashing detected
Channel averages:  [8.2375, 14.43, 14.43875, 14.436250000000001, 8.785, 7.66125]
Column averages:  [0.11833333333333333, 45.276666666666664, 0.0, 0.0, 0.013333333333333334, 0.0, 45.24333333333333, 0.0]
Result:  other
-------------
State of flux / flashing detected
Channel averages:  [14.471250000000001, 14.43375, 14.39, 7.645, 7.70875, 7.485]
Column averages:  [0.10833333333333334, 44.23, 0.0, 0.013333333333333334, 0.0, 0.0, 43.82666666666666, 0.0]
Result:  other
-------------
State of flux / flashing detected
Channel averages:  [14.45625, 13.216249999999999, 7.615, 7.5425, 7.68875, 14.1475]
Column averages:  [0.05333333333333334, 42.91666666666668, 0.0, 0.0, 0.0, 0.0, 43.251666666666665, 0.0]
Result:  other
-------------
State of flux / flashing detected
Channel averages:  [11.681249999999999, 7.54125, 7.632499999999999, 8.80875, 14.43, 14.438749999999999]
Column averages:  [0.06333333333333334, 43.01333333333333, 0.0, 0.021666666666666667, 0.0, 0.0, 42.945, 0.0]
Result:  other
-------------
State of flux / flashing detected
Channel averages:  [8.739999999999998, 11.2075, 15.665000000000001, 17.833750000000002, 17.92125, 15.19]
Column averages:  [0.11166666666666668, 44.541666666666664, 0.0, 0.0, 0.02, 25.735, 45.001666666666665, 0.0]
Result:  other
-------------
State of flux / flashing detected
Channel averages:  [11.237499999999999, 17.11375, 18.311249999999998, 18.153750000000002, 13.915000000000001, 11.35875]
Column averages:  [0.10333333333333333, 44.70166666666666, 0.0, 0.0, 0.021666666666666667, 30.618333333333336, 44.675000000000004, 0.0]
Result:  other
-------------
State of flux / flashing detected
Channel averages:  [18.0775, 18.17125, 17.91375, 12.24, 11.11125, 11.5725]
Column averages:  [0.06333333333333334, 44.35500000000001, 0.0, 0.0, 0.0, 29.921666666666663, 44.44166666666667, 0.0]
Result:  other
-------------
State of flux / flashing detected
Channel averages:  [18.24125, 17.60625, 11.335, 11.3725, 11.21125, 16.868750000000002]
Column averages:  [0.08166666666666667, 42.495000000000005, 0.0, 0.016666666666666666, 0.0, 29.996666666666666, 42.92333333333334, 0.0]
Result:  other
-------------
State of flux / flashing detected
Channel averages:  [16.44125, 11.26875, 11.19125, 11.5, 17.99875, 18.153750000000002]
Column averages:  [0.085, 42.666666666666664, 0.0, 0.0, 0.0, 30.119999999999994, 42.53333333333333, 0.0]
Result:  other
-------------
State of flux / flashing detected
Channel averages:  [11.2625, 11.3625, 13.9075, 18.24875, 18.07125, 15.89875]
Column averages:  [0.06166666666666667, 44.22, 0.0, 0.0, 0.0, 29.819999999999997, 44.23333333333333, 0.0]
Result:  other
-------------
State of flux / flashing detected
Channel averages:  [11.0575, 16.62125, 18.165, 18.245, 14.3625, 11.60625]
Column averages:  [0.049999999999999996, 44.90333333333333, 0.0, 0.0033333333333333335, 0.0, 30.540000000000003, 44.580000000000005, 0.0]
Result:  other
-------------
State of flux / flashing detected
Channel averages:  [17.89375, 18.43125, 18.15875, 13.02, 11.455, 11.3025]
Column averages:  [0.05499999999999999, 44.87, 0.0, 0.008333333333333333, 0.0, 30.49, 44.925000000000004, 0.0]
Result:  other
-------------
State of flux / flashing detected
Channel averages:  [18.252499999999998, 17.855, 11.184999999999999, 11.591249999999999, 11.153749999999999, 16.71125]
Column averages:  [0.049999999999999996, 43.49333333333334, 0.0, 0.0, 0.0, 29.62, 42.50166666666667, 0.0]
Result:  other
-------------
State of flux / flashing detected
Channel averages:  [15.9525, 11.19125, 11.334999999999999, 11.74375, 18.17, 18.240000000000002]
Column averages:  [0.055, 43.24, 0.0, 0.0, 0.0, 29.971666666666668, 42.24333333333333, 0.0]
Result:  other
-------------
State of flux / flashing detected
Channel averages:  [11.49875, 11.5725, 12.74625, 18.23625, 18.16375, 16.28]
Column averages:  [0.07833333333333332, 43.56, 0.0, 0.0, 0.0, 30.485, 43.873333333333335, 0.0]
Result:  other
-------------
State of flux / flashing detected
Channel averages:  [11.51125, 15.97625, 18.23125, 18.25375, 15.0075, 11.43125]
Column averages:  [0.06166666666666667, 44.73833333333334, 0.0, 0.0, 0.016666666666666666, 30.736666666666665, 44.995000000000005, 0.0]
Result:  other
-------------

