Reading board
-------------
Result:  ready
-------------
Result:  ready
-------------
Result:  ready
-------------
Result:  ready
-------------
State of flux / flashing detected
Channel averages:  [11.370000000000001, 11.29625, 5.58125, 3.9025, 3.73625, 3.7325]
Column averages:  [7.640000000000001, 7.968333333333334, 0.0, 0.0, 0.01, 29.653333333333332, 7.541666666666667, 0.011666666666666667]
Result:  other
-------------
Channels are steady
Channel averages:  [4.005, 3.905, 3.8, 4.03875, 3.6625, 3.75125]
Column averages:  [0.3683333333333334, 0.0, 0.0, 0.023333333333333334, 0.0, 30.486666666666668, 0.005, 0.0]
Result:  steady
-------------
Channels are steady
Channel averages:  [3.74125, 3.815, 4.08, 3.645, 3.96, 4.04125]
Column averages:  [0.2916666666666667, 0.0, 0.0, 0.013333333333333334, 0.0016666666666666668, 30.736666666666665, 0.0, 0.0]
Result:  steady
-------------
Channels are steady
Channel averages:  [4.112500000000001, 3.6437500000000003, 3.86875, 3.99125, 3.8099999999999996, 3.7325]
Column averages:  [0.36166666666666664, 0.0, 0.0, 0.021666666666666667, 0.005, 30.473333333333333, 0.016666666666666666, 0.0]
Result:  steady
-------------
Channels are steady
Channel averages:  [3.8137499999999998, 3.79625, 4.04625, 4.0625, 4.0062500000000005, 3.58]
Column averages:  [0.44166666666666665, 0.0, 0.0, 0.021666666666666667, 0.0, 30.61, 0.0, 0.0]
Result:  steady
-------------
Channels are steady
Channel averages:  [3.92625, 3.73875, 3.7462500000000003, 3.5887499999999997, 3.6475, 3.8362499999999997]
Column averages:  [0.445, 0.0, 0.0, 0.0, 0.0, 29.53333333333333, 0.0, 0.0]
Result:  steady
-------------
Channels are steady
Channel averages:  [3.8487500000000003, 3.9524999999999997, 3.81375, 3.88875, 3.8137499999999998, 3.95875]
Column averages:  [0.38499999999999995, 0.0, 0.0, 0.0, 0.006666666666666667, 30.64333333333333, 0.0, 0.0]
Result:  steady
-------------
Channels are steady
Channel averages:  [3.9175, 3.8025, 3.89625, 3.88625, 3.8725, 3.5524999999999998]
Column averages:  [0.25666666666666665, 0.0, 0.0, 0.0, 0.0, 30.313333333333333, 0.0, 0.0]
Result:  steady
-------------
Channels are steady
Channel averages:  [3.69625, 4.0912500000000005, 3.9450000000000003, 3.71625, 4.03625, 3.84875]
Column averages:  [0.23666666666666666, 0.015, 0.0, 0.0, 0.006666666666666667, 30.853333333333335, 0.0, 0.0]
Result:  steady
-------------
Channels are steady
Channel averages:  [4.1225000000000005, 4.08125, 3.8675, 3.625, 3.975, 4.095000000000001]
Column averages:  [0.08, 0.0, 0.0, 0.011666666666666667, 0.0, 31.586666666666662, 0.01, 0.0]
Result:  steady
-------------
Channels are steady
Channel averages:  [3.80125, 3.8074999999999997, 3.65375, 3.7975000000000003, 4.085, 3.57375]
Column averages:  [0.19999999999999998, 0.0, 0.0, 0.0, 0.006666666666666667, 30.084999999999997, 0.0, 0.0]
Result:  steady
-------------
Channels are steady
Channel averages:  [3.9037499999999996, 3.47625, 4.16625, 3.93125, 3.6287499999999997, 4.09125]
Column averages:  [0.13666666666666666, 0.0, 0.0016666666666666668, 0.0, 0.0, 30.791666666666668, 0.0, 0.0]
Result:  steady
-------------
Channels are steady
Channel averages:  [4.0249999999999995, 3.71875, 3.63625, 4.0225, 3.9475000000000002, 3.56]
Column averages:  [0.15333333333333335, 0.0, 0.0, 0.0033333333333333335, 0.0, 30.389999999999997, 0.0, 0.0]
Result:  steady
-------------
Channels are steady
Channel averages:  [3.8875, 3.625, 3.6262499999999998, 3.56, 3.67, 3.90625]
Column averages:  [0.11666666666666668, 0.0, 0.0, 0.008333333333333333, 0.008333333333333333, 29.566666666666666, 0.0, 0.0]
Result:  steady
-------------
Channels are steady
Channel averages:  [3.8675, 3.8812499999999996, 3.635, 3.94, 4.03, 3.9475]
Column averages:  [0.10999999999999999, 0.0, 0.0, 0.0, 0.0, 30.951666666666668, 0.006666666666666667, 0.0]
Result:  steady
-------------
Channels are steady
Channel averages:  [3.6412500000000003, 3.73, 4.0975, 3.8837499999999996, 3.5700000000000003, 4.10875]
Column averages:  [0.19499999999999998, 0.006666666666666667, 0.0, 0.016666666666666666, 0.0, 30.49, 0.0, 0.0]
Result:  steady
-------------
Channels are steady
Channel averages:  [3.6575, 3.685, 4.12, 3.73875, 4.0375, 3.8587499999999997]
Column averages:  [0.27666666666666667, 0.0, 0.0, 0.0, 0.006666666666666667, 30.513333333333335, 0.0, 0.0]
Result:  steady
-------------
Channels are steady
Channel averages:  [4.23625, 3.90875, 3.83, 3.95875, 3.98375, 3.82875]
Column averages:  [0.4533333333333334, 0.0, 0.0, 0.0, 0.0, 31.208333333333332, 0.0, 0.0]
Result:  steady
-------------
Channels are steady
Channel averages:  [3.94625, 3.89875, 3.7449999999999997, 3.5875, 3.5124999999999997, 4.04375]
Column averages:  [0.3916666666666666, 0.0, 0.0, 0.02333333333333333, 0.0, 29.896666666666665, 0.0, 0.0]
Result:  steady
-------------
Channels are steady
Channel averages:  [3.9987500000000002, 3.6662500000000002, 3.57625, 3.81375, 3.7275, 3.82875]
Column averages:  [0.35000000000000003, 0.0, 0.0, 0.023333333333333334, 0.0, 29.775000000000002, 0.0, 0.0]
Result:  steady
-------------
Channels are steady
Channel averages:  [3.605, 3.9574999999999996, 4.02125, 3.7525000000000004, 3.96875, 3.8912500000000003]
Column averages:  [0.2833333333333334, 0.0, 0.0, 0.0, 0.01, 30.635, 0.0, 0.0]
Result:  steady
-------------
State of flux / flashing detected
Channel averages:  [3.7325, 4.0525, 3.74125, 3.72875, 9.9725, 10.52125]
Column averages:  [0.19000000000000003, 9.031666666666666, 0.0, 0.013333333333333334, 0.0, 29.888333333333332, 8.541666666666666, 0.0]
Result:  other
-------------
State of flux / flashing detected
Channel averages:  [3.8875, 3.8075, 8.59, 10.629999999999999, 10.71375, 7.35125]
Column averages:  [0.17666666666666667, 14.095, 0.0, 0.0, 0.0, 31.16, 14.541666666666664, 0.0]
Result:  other
-------------
State of flux / flashing detected
Channel averages:  [4.07625, 9.936250000000001, 10.725, 10.71, 6.20125, 3.7487500000000002]
Column averages:  [0.16166666666666665, 14.636666666666665, 0.0, 0.0, 0.018333333333333333, 31.0, 14.713333333333333, 0.0]
Result:  other
-------------
State of flux / flashing detected
Channel averages:  [10.548749999999998, 10.44375, 10.73, 4.19125, 3.7125000000000004, 3.86125]
Column averages:  [0.09333333333333334, 14.238333333333332, 0.0, 0.0, 0.0, 30.021666666666665, 13.63, 0.0]
Result:  other
-------------
State of flux / flashing detected
Channel averages:  [10.6625, 9.745000000000001, 3.8712500000000003, 3.9450000000000003, 4.04625, 10.08625]
Column averages:  [0.09499999999999999, 12.280000000000001, 0.0, 0.0, 0.0, 31.385, 12.714999999999998, 0.0]
Result:  other
-------------
State of flux / flashing detected
Channel averages:  [8.231250000000001, 3.5675, 4.10125, 4.9487499999999995, 10.7525, 10.715]
Column averages:  [0.11, 12.375, 0.0, 0.0, 0.0, 31.03, 12.906666666666666, 0.0]
Result:  other
-------------
State of flux / flashing detected
Channel averages:  [3.9425, 3.9575, 8.256250000000001, 10.48125, 10.695, 7.25125]
Column averages:  [0.125, 14.18, 0.0, 0.0, 0.0, 30.87, 14.270000000000001, 0.0]
Result:  other
-------------
State of flux / flashing detected
Channel averages:  [3.745, 9.945, 10.6125, 10.70125, 5.89625, 3.785]
Column averages:  [0.20166666666666666, 14.194999999999999, 0.0, 0.015, 0.0, 30.180000000000003, 14.988333333333335, 0.0]
Result:  other
-------------
State of flux / flashing detected
Channel averages:  [10.46375, 10.38875, 10.45625, 4.425, 3.94875, 3.725]
Column averages:  [0.12833333333333333, 14.263333333333334, 0.0, 0.0, 0.0, 29.94333333333333, 13.541666666666666, 0.0]
Result:  other
-------------
State of flux / flashing detected
Channel averages:  [10.598749999999999, 9.83625, 3.86625, 3.86, 3.78875, 9.712499999999999]
Column averages:  [0.085, 13.101666666666667, 0.0, 0.0, 0.0, 30.349999999999998, 12.013333333333334, 0.0]
Result:  other
-------------
State of flux / flashing detected
Channel averages:  [8.365, 3.80375, 3.8825, 4.581250000000001, 10.518749999999999, 10.76125]
Column averages:  [0.15166666666666664, 12.645000000000001, 0.0, 0.0, 0.0, 30.093333333333334, 12.993333333333334, 0.0]
Result:  other
-------------
Result:  ready
-------------
State of flux / flashing detected
Channel averages:  [10.94125, 16.971249999999998, 18.16375, 18.1675, 13.81625, 10.8975]
Column averages:  [0.08, 44.48833333333334, 0.0, 0.0, 0.024999999999999998, 29.985, 44.031666666666666, 0.0]
Result:  other
-------------
State of flux / flashing detected
Channel averages:  [18.177500000000002, 18.0775, 18.25, 12.69625, 11.7375, 11.26625]
Column averages:  [0.10499999999999998, 45.24, 0.0033333333333333335, 0.0, 0.0, 30.94333333333334, 43.98166666666666, 0.0]
Result:  other
-------------
State of flux / flashing detected
Channel averages:  [17.82625, 18.01875, 10.85625, 11.67125, 11.595, 16.805]
Column averages:  [0.18500000000000003, 42.535000000000004, 0.0, 0.0, 0.0, 29.876666666666665, 43.1, 0.0]
Result:  other
-------------
State of flux / flashing detected
Channel averages:  [16.85125, 10.7, 10.67, 11.155000000000001, 18.15875, 18.080000000000002]
Column averages:  [0.09166666666666667, 42.281666666666666, 0.0, 0.0, 0.0, 29.275000000000002, 42.505, 0.0]
Result:  other
-------------
State of flux / flashing detected
Channel averages:  [11.24625, 11.5325, 12.8375, 18.072499999999998, 17.990000000000002, 15.62875]
Column averages:  [0.19333333333333336, 43.18666666666667, 0.02666666666666667, 0.0, 0.02, 29.981666666666666, 43.001666666666665, 0.0]
Result:  other
-------------
State of flux / flashing detected
Channel averages:  [11.06875, 16.4875, 18.096249999999998, 18.1975, 14.49125, 11.5425]
Column averages:  [0.11833333333333333, 45.276666666666664, 0.0, 0.0, 0.02, 30.406666666666666, 44.02333333333334, 0.0]
Result:  other
-------------
State of flux / flashing detected
Channel averages:  [17.97625, 18.00625, 18.3275, 12.4925, 11.165, 11.0625]
Column averages:  [0.065, 44.83166666666667, 0.0, 0.0, 0.0, 29.67833333333333, 44.13166666666667, 0.0]
Result:  other
-------------
State of flux / flashing detected
Channel averages:  [18.240000000000002, 18.15125, 11.219999999999999, 10.52, 11.21375, 16.45875]
Column averages:  [0.1666666666666667, 42.37, 0.0, 0.0, 0.0, 29.47666666666667, 42.391666666666666, 0.0]
Result:  other
-------------
State of flux / flashing detected
Channel averages:  [16.84, 11.3625, 10.8475, 11.005, 18.16, 18.00125]
Column averages:  [0.07333333333333333, 43.10999999999999, 0.0, 0.015, 0.0, 29.388333333333335, 42.36833333333333, 0.0]
Result:  other
-------------
State of flux / flashing detected
Channel averages:  [10.80125, 10.805, 12.798750000000002, 18.23875, 18.22875, 17.645]
Column averages:  [0.17166666666666666, 43.803333333333335, 0.0, 0.0, 0.0, 30.006666666666664, 44.041666666666664, 0.0]
Result:  other
-------------

