 -

Column averages:  [0.0, 56.6933333, 0.0, 0.0, 0.0, 56.964999996, 56.73499999, 0.0]
[16/Jan/2017 12:44:38] 

Column averages:  [0.0, 56.80004, 0.0, 0.0, 0.0, 57.04, 56.7633332, 0.0]
[16/Jan/2017 12:44:45] 

Column averages:  [0.0, 56.70833336, 0.0, 0.0, 0.0, 57.025, 56.805, 0.0]
[16/Jan/2017 12:44:52] 

Column averages:  [0.0, 56.8116667, 0.0, 0.0, 0.0, 56.9883334, 56.66, 0.0]
[16/Jan/2017 12:44:59] 

Column averages:  [0.0, 56.7433334, 0.0, 0.0, 0.0, 56.9866667, 56.7766667, 0.0]
[16/Jan/2017 12:45:06] 

Column averages:  [0.0, 56.73833344, 0.0, 0.003335, 0.0, 56.9966667, 56.7816667, 0.0]
[16/Jan/2017 12:45:13] 

Column averages:  [0.0, 56.725, 0.0, 0.0, 0.0, 57.00166665, 56.77, 0.0]
[16/Jan/2017 12:45:20] 

Column averages:  [0.0, 56.7533334, 0.0, 0.0, 0.0, 56.9183333, 56.65, 0.0]
[16/Jan/2017 12:45:27] 

Column averages:  [0.0, 56.8716667, 0.0, 0.0, 0.0, 57.11000001, 56.68166665, 0.0]
[16/Jan/2017 12:45:33] 

[16/Jan/2017 12:45:40] 

Column averages:  [0.0, 56.77833336, 0.0, 0.003335, 0.0, 56.9783333, 56.6664, 0.0]
[16/Jan/2017 12:45:47] 

Column averages:  [0.0, 56.875, 0.0, 0.0, 0.0, 56.875, 56.6083333, 0.165]
[16/Jan/2017 12:45:54] 

Column averages:  [0.0, 56.745000005, 0.0, 0.0, 0.0, 57.0366666, 56.714999996, 0.0]
[16/Jan/2017 12:46:01] 

Column averages:  [0.0, 56.6666668, 0.0, 0.0, 0.0, 57.01499999, 56.7333334, 0.0]
[16/Jan/2017 12:46:08] 

Column averages:  [0.0, 56.79666674, 0.0, 0.0, 0.0, 56.98, 56.71166666, 0.0]
[16/Jan/2017 12:46:15] 

Column averages:  [0.0, 56.7333333, 0.0, 0.0, 0.0, 57.03333324, 56.76833324, 0.0]
[16/Jan/2017 12:46:22] 

Column averages:  [0.0, 56.7416667, 0.0, 0.0, 0.0, 57.0033334, 56.6716666, 0.0]
[16/Jan/2017 12:46:29] 

Column averages:  [0.0, 56.69666665, 0.0, 0.0066667, 0.0, 56.9816666, 56.70833336, 0.0]
[16/Jan/2017 12:46:36] 