-------------
State of flux / flashing detected
Channel averages:  [1.7425000000000002, 3.645, 1.9750000000000003, 2.13375, 3.33625, 3.40375]
Column averages:  [4.868333333333333, 1.2466666666666668, 1.3016666666666665, 0.7166666666666667, 0.11499999999999999, 10.825000000000001, 1.3533333333333333, 1.2216666666666667]
Result:  other
-------------
State of flux / flashing detected
Channel averages:  [14.415000000000001, 14.345, 6.565, 3.40125, 3.4675, 8.60375]
Column averages:  [0.0, 13.36, 0.0, 0.0, 0.0, 40.53666666666667, 13.833333333333336, 0.0]
Result:  other
-------------
State of flux / flashing detected
Channel averages:  [14.34125, 4.4825, 3.2675, 3.335, 11.123750000000001, 14.03875]
Column averages:  [0.0, 13.648333333333333, 0.0, 0.0016666666666666668, 0.0, 40.26499999999999, 13.536666666666667, 0.0]
Result:  other
-------------
State of flux / flashing detected
Channel averages:  [3.335, 3.4025, 3.4025, 12.695, 13.9075, 14.6625]
Column averages:  [0.0, 13.844999999999999, 0.0, 0.0016666666666666668, 0.0, 40.95333333333334, 13.74, 0.0]
Result:  other
-------------
State of flux / flashing detected
Channel averages:  [3.6025, 4.0575, 13.975000000000001, 14.515, 14.260000000000002, 4.7075000000000005]
Column averages:  [0.0, 15.475000000000001, 0.0, 0.0, 0.0, 42.46333333333333, 15.551666666666668, 0.0]
Result:  other
-------------
State of flux / flashing detected
Channel averages:  [6.06625, 14.57625, 14.201249999999998, 10.53625, 3.4675, 3.335]
Column averages:  [0.0, 14.223333333333334, 0.0, 0.0, 0.0, 41.043333333333344, 14.31, 0.0]
Result:  other
-------------
State of flux / flashing detected
Channel averages:  [14.27625, 14.27625, 8.6525, 3.4, 3.26875, 6.2975]
Column averages:  [0.0, 13.26, 0.0, 0.0, 0.0, 40.196666666666665, 13.438333333333333, 0.0]
Result:  other
-------------
State of flux / flashing detected
Channel averages:  [14.262500000000001, 6.4325, 3.26875, 3.39875, 8.4475, 14.06125]
Column averages:  [0.0, 12.883333333333333, 0.0, 0.0, 0.0, 40.07333333333333, 13.538333333333334, 0.0]
Result:  other
-------------
State of flux / flashing detected
Channel averages:  [4.91375, 3.46875, 3.40125, 10.334999999999999, 14.1325, 14.18125]
Column averages:  [0.0, 13.563333333333334, 0.0, 0.0, 0.0, 40.568333333333335, 13.111666666666666, 0.0]
Result:  other
-------------
State of flux / flashing detected
Channel averages:  [3.3325, 3.40125, 12.498750000000001, 14.285, 14.275, 7.435]
Column averages:  [0.0, 15.68, 0.0, 0.0, 0.0, 42.49, 15.466666666666667, 0.0]
Result:  other
-------------
State of flux / flashing detected
Channel averages:  [4.3500000000000005, 14.21875, 14.20875, 14.355, 3.6849999999999996, 3.4725]
Column averages:  [0.0, 15.006666666666668, 0.0, 0.0, 0.0, 42.20166666666667, 15.178333333333333, 0.0]
Result:  other
-------------
State of flux / flashing detected
Channel averages:  [14.1225, 14.475, 10.38375, 3.33375, 3.4, 4.8425]
Column averages:  [0.0, 13.368333333333334, 0.0, 0.0, 0.0, 40.53666666666667, 13.504999999999997, 0.0]
Result:  other
-------------
State of flux / flashing detected
Channel averages:  [14.366249999999999, 7.723750000000001, 3.335, 3.4675, 7.7837499999999995, 14.125]
Column averages:  [0.0, 13.836666666666666, 0.0, 0.0016666666666666668, 0.0, 40.84166666666667, 13.055, 0.0]
Result:  other
-------------
State of flux / flashing detected
Channel averages:  [5.421250000000001, 3.33625, 3.66875, 9.53875, 14.415, 14.115]
Column averages:  [0.0, 13.361666666666666, 0.0, 0.0, 0.0, 40.43, 13.534999999999998, 0.0]
Result:  other
-------------
State of flux / flashing detected
Channel averages:  [3.26875, 3.335, 11.90375, 14.514999999999999, 14.58125, 7.87625]
Column averages:  [0.0, 16.338333333333335, 0.0, 0.0, 0.0, 42.278333333333336, 15.356666666666664, 0.0]
Result:  other
-------------
State of flux / flashing detected
Channel averages:  [3.6962499999999996, 14.12375, 14.135, 14.215, 5.70875, 3.4675]
Column averages:  [0.0, 15.575000000000001, 0.0, 0.0, 0.0, 42.74, 15.479999999999999, 0.0]
Result:  other
-------------
State of flux / flashing detected
Channel averages:  [14.27375, 14.28875, 8.0125, 3.33625, 3.4, 7.51375]
Column averages:  [0.0, 13.841666666666667, 0.0, 0.0, 0.0, 40.583333333333336, 13.341666666666667, 0.0]
Result:  other
-------------
State of flux / flashing detected
Channel averages:  [13.825, 4.78625, 3.335, 3.46625, 10.455, 14.2575]
Column averages:  [0.0, 13.068333333333333, 0.0, 0.0, 0.0, 40.346666666666664, 13.418333333333335, 0.0]
Result:  other
-------------
State of flux / flashing detected
Channel averages:  [3.40125, 3.4025, 3.33625, 13.127500000000001, 14.35625, 14.348749999999999]
Column averages:  [0.0, 13.746666666666664, 0.0, 0.0, 0.0, 41.135000000000005, 14.415000000000001, 0.0]
Result:  other
-------------

