-------------
State of flux / flashing detected
Chnl avgs:  [1.7125, 1.8187499, 2.26625003, 12.48, 12.41125, 12.10125]
Clm avgs:  [3.17666667, 16.5166, 1.84166666, 0.011667, 0.08667, 16.6866667, 16.865, 1.86833334]
Result:  other
-------------
State of flux / flashing detected
Chnl avgs:  [1.9574998, 6.5625, 12.725, 12.4075, 9.93125000002, 1.62]
Clm avgs:  [3.19166667, 17.81166667, 2.0883333, 0.006667, 0.085, 17.786667, 17.28, 2.0216667]
Result:  other
-------------
State of flux / flashing detected
Chnl avgs:  [8.2675, 12.379999, 12.6450001, 8.63125, 1.9224999, 1.8975]
Clm avgs:  [3.2783333, 17.93667, 2.14, 0.006667, 0.09332, 17.88, 17.5983336, 2.05833336]
Result:  other
-------------
State of flux / flashing detected
Chnl avgs:  [12.15625, 12.1725001, 6.565, 1.6537499998, 1.7762499997, 4.81875005]
Clm avgs:  [3.3983334, 15.0668, 1.79166667, 0.0, 0.085, 15.0166666, 15.0483332, 1.78333334]
Result:  other
-------------
State of flux / flashing detected
Chnl avgs:  [12.4525, 4.749999, 1.8612499996, 1.69000002, 6.4425, 12.015]
Clm avgs:  [3.3383333, 15.14666667, 1.93166664, 0.013334, 0.09499, 14.875, 15.0466667, 1.835]
Result:  other
-------------
State of flux / flashing detected
Chnl avgs:  [3.29750003, 1.9337499, 2.0437499997, 9.362499, 12.35375, 12.3825]
Clm avgs:  [3.49166667, 15.8933333, 2.0966667, 0.005, 0.11665, 15.76, 15.7283333, 2.07333337]
Result:  other
-------------
State of flux / flashing detected
Chnl avgs:  [1.49250002, 4.49125, 13.04125, 12.14875, 11.87375, 1.82500002]
Clm avgs:  [2.99333336, 17.39, 1.85833334, 0.008333, 0.078333334, 17.575, 17.89, 2.0366]
Result:  other
-------------
State of flux / flashing detected
Chnl avgs:  [7.1375, 11.95875, 12.3400002, 9.379999, 1.9274998, 1.73875]
Clm avgs:  [3.236664, 16.8833335, 1.9833334, 0.006667, 0.09499, 17.2016664, 17.8066665, 2.09166]
Result:  other
-------------
State of flux / flashing detected
Chnl avgs:  [12.77625, 12.356249998, 7.69125, 1.9175, 1.7975, 4.681249999]
Clm avgs:  [3.45333336, 15.481666667, 1.9983333, 0.016666, 0.098333334, 15.9, 15.9733331, 2.03833336]
Result:  other
-------------
State of flux / flashing detected
Chnl avgs:  [12.1375001, 5.6274995, 2.0125, 1.7974997, 6.991249999, 11.72125]
Clm avgs:  [3.414996, 15.8466, 2.0166, 0.015001, 0.111666668, 15.3083332, 15.0666668, 1.93666668]
Result:  other
-------------
State of flux / flashing detected
Chnl avgs:  [3.34, 1.99875, 1.8025, 8.921249999, 12.05375, 12.20375]
Clm avgs:  [3.366, 15.685, 2.0866667, 0.018337, 0.12, 15.3866668, 15.1316668, 1.9649999]
Result:  other
-------------
State of flux / flashing detected
Chnl avgs:  [1.9549998, 2.3474997, 12.4675001, 12.601249999, 12.51125, 3.4975]
Clm avgs:  [3.1233333, 17.75, 1.9533334, 0.02333, 0.095000001, 17.885, 17.77, 1.90666665]
Result:  other
-------------
State of flux / flashing detected
Chnl avgs:  [4.23625, 12.704998, 12.8825, 12.86875, 1.8375, 1.8412499998]
Clm avgs:  [3.3335, 17.928333335, 2.1, 0.006667, 0.085, 18.3116667, 17.8600003, 2.20333336]
Result:  other
-------------
State of flux / flashing detected
Chnl avgs:  [12.19375000001, 12.1575, 10.3225, 1.6699997, 1.7925, 1.8837499998]
Clm avgs:  [3.3416663, 15.548333334, 1.78166665, 0.0, 0.08833, 15.3583333, 15.479999, 1.76166667]
Result:  other
-------------
State of flux / flashing detected
Chnl avgs:  [12.492499998, 8.3850002, 1.7687499998, 1.7049998, 3.14625, 12.48375]
Clm avgs:  [3.4066663, 15.06833, 1.910001, 0.013334, 0.09666668, 15.415000001, 15.4133334, 1.985]
Result:  other
-------------
State of flux / flashing detected
Chnl avgs:  [6.3450001, 1.94250001, 1.9962499996, 5.6625, 12.56125, 12.469999]
Clm avgs:  [3.7133334, 15.5183333, 2.09, 0.0016668, 0.11334, 15.55166668, 15.54666667, 2.1016666]
Result:  other
-------------
State of flux / flashing detected
Chnl avgs:  [1.57375002, 1.62500002, 10.46, 12.5250002, 12.58, 5.88875]
Clm avgs:  [3.3533335, 17.3633, 1.92666667, 0.0, 0.066667, 17.4933336, 17.376667, 1.95666663]
Result:  other
-------------
State of flux / flashing detected
Chnl avgs:  [2.0599996, 12.5125, 12.3425, 12.04, 3.635, 1.5812499998]
Clm avgs:  [3.0366, 17.0416664, 1.8499, 0.008333, 0.078333334, 17.4833334, 17.4483334, 1.94833335]
Result:  other
-------------
State of flux / flashing detected
Chnl avgs:  [12.7525001, 12.83375000002, 12.78375, 1.9400002, 1.7462499, 1.62625]
Clm avgs:  [3.0933333, 17.03665, 2.07000003, 0.01833, 0.08833, 16.9866668, 16.78, 2.17000004]
Result:  other

